14:41:46.848 ['MOVE_RIGHT']
14:41:46.878 ['MOVE_LEFT', 'JUMP', 'ATTACK']
14:41:46.913 ['MOVE_LEFT', 'ATTACK']
14:41:46.951 ['MOVE_RIGHT', 'ATTACK']
14:41:46.992 ['MOVE_RIGHT', 'JUMP', 'ATTACK']
14:41:47.014 ['MOVE_RIGHT', 'JUMP']
14:41:47.046 ['MOVE_RIGHT', 'JUMP', 'ATTACK']
14:41:47.079 ['MOVE_RIGHT', 'ATTACK']
14:41:47.124 ['MOVE_RIGHT', 'JUMP', 'ATTACK']
14:41:47.153 ['MOVE_LEFT', 'JUMP']
14:41:47.180 ['MOVE_LEFT']
14:41:47.213 ['MOVE_RIGHT', 'JUMP', 'ATTACK']
14:41:47.248 ['MOVE_RIGHT', 'JUMP', 'ATTACK']
14:41:47.285 ['MOVE_LEFT', 'JUMP']
14:41:47.319 ['MOVE_RIGHT']
14:41:47.352 ['MOVE_LEFT', 'JUMP']
14:41:47.384 ['MOVE_LEFT']
14:41:47.422 ['MOVE_LEFT', 'JUMP']
14:41:47.451 ['MOVE_RIGHT', 'JUMP']
14:41:47.481 ['MOVE_LEFT', 'JUMP']
14:41:47.517 ['MOVE_RIGHT', 'JUMP', 'ATTACK']
14:41:47.550 ['MOVE_LEFT', 'JUMP']
14:41:47.584 ['MOVE_RIGHT', 'ATTACK']
14:41:47.617 ['MOVE_RIGHT', 'JUMP', 'ATTACK']
14:41:47.657 ['MOVE_RIGHT']
14:41:47.684 ['MOVE_LEFT', 'JUMP', 'ATTACK']
14:41:47.713 ['MOVE_RIGHT', 'ATTACK']
14:41:47.759 ['MOVE_LEFT']
14:41:47.783 ['JUMP']
14:41:47.828 ['MOVE_RIGHT']
14:41:47.844 ['MOVE_RIGHT']
14:41:47.876 ['MOVE_RIGHT', 'JUMP', 'ATTACK']
14:41:47.909 ['MOVE_RIGHT']
14:41:47.943 ['MOVE_RIGHT']
14:41:47.976 ['MOVE_LEFT']
14:41:48.011 ['MOVE_RIGHT', 'ATTACK']
14:41:48.047 ['MOVE_LEFT', 'JUMP', 'ATTACK']
14:41:48.084 ['MOVE_RIGHT']
14:41:48.117 ['MOVE_RIGHT', 'JUMP']
14:41:48.148 ['MOVE_RIGHT', 'JUMP', 'ATTACK']
14:41:48.179 ['MOVE_RIGHT', 'JUMP']
14:41:48.212 ['JUMP']
14:41:48.245 ['MOVE_LEFT', 'JUMP', 'ATTACK']
14:41:48.278 ['MOVE_RIGHT']
14:41:48.317 ['JUMP', 'ATTACK']
14:41:48.342 ['MOVE_RIGHT', 'JUMP']
14:41:48.374 ['MOVE_LEFT', 'JUMP']
14:41:48.409 ['MOVE_RIGHT']
14:41:48.443 ['MOVE_RIGHT']
14:41:48.475 ['MOVE_RIGHT', 'JUMP']
14:41:48.509 ['MOVE_RIGHT', 'JUMP']
14:41:48.554 ['MOVE_RIGHT', 'JUMP']
14:41:48.577 ['MOVE_RIGHT', 'JUMP']
14:41:48.608 ['MOVE_RIGHT', 'JUMP', 'ATTACK']
14:41:48.641 ['MOVE_RIGHT', 'JUMP']
14:41:48.675 ['MOVE_RIGHT', 'JUMP']
14:41:48.707 ['MOVE_LEFT']
14:41:48.742 ['MOVE_RIGHT', 'ATTACK']
14:41:48.775 ['MOVE_LEFT', 'JUMP']
14:41:48.809 ['MOVE_RIGHT', 'JUMP', 'ATTACK']
14:41:48.841 ['MOVE_LEFT', 'JUMP']
14:41:48.874 ['MOVE_RIGHT', 'ATTACK']
14:41:48.908 ['JUMP']
14:41:48.943 ['MOVE_LEFT', 'JUMP']
14:41:48.978 ['MOVE_RIGHT', 'JUMP', 'ATTACK']
14:41:49.006 ['MOVE_RIGHT', 'JUMP']
14:41:49.039 ['MOVE_LEFT', 'JUMP']
14:41:49.073 ['MOVE_LEFT', 'JUMP', 'ATTACK']
14:41:49.106 ['MOVE_RIGHT', 'JUMP', 'ATTACK']
14:41:49.138 ['MOVE_LEFT', 'JUMP']
14:41:49.171 ['MOVE_LEFT', 'JUMP']
14:41:49.204 ['MOVE_RIGHT', 'JUMP']
14:41:49.237 ['MOVE_RIGHT', 'JUMP']
14:41:49.271 ['MOVE_RIGHT', 'JUMP', 'ATTACK']
14:41:49.303 ['MOVE_LEFT', 'JUMP']
14:41:49.337 ['MOVE_LEFT', 'ATTACK']
14:41:49.369 ['MOVE_LEFT', 'ATTACK']
14:41:49.403 ['MOVE_RIGHT', 'ATTACK']
14:41:49.436 ['JUMP', 'ATTACK']
14:41:49.469 ['MOVE_LEFT', 'JUMP', 'ATTACK']
14:41:49.502 ['MOVE_RIGHT']
14:41:49.536 ['MOVE_RIGHT', 'JUMP']
14:41:49.569 ['MOVE_RIGHT', 'JUMP']
14:41:49.601 ['MOVE_LEFT', 'JUMP']
14:41:49.635 ['MOVE_LEFT']
14:41:49.669 ['MOVE_RIGHT', 'JUMP', 'ATTACK']
14:41:49.703 ['MOVE_LEFT', 'JUMP']
14:41:49.735 ['MOVE_RIGHT', 'JUMP']
14:41:49.770 ['MOVE_LEFT', 'JUMP', 'ATTACK']
14:41:49.803 ['MOVE_RIGHT', 'JUMP']
14:41:49.835 ['MOVE_LEFT', 'JUMP']
14:41:49.867 ['MOVE_RIGHT']
14:41:49.901 ['MOVE_LEFT', 'JUMP']
14:41:49.933 ['MOVE_RIGHT', 'JUMP', 'ATTACK']
14:41:49.966 ['MOVE_RIGHT', 'JUMP']
14:41:49.999 ['MOVE_RIGHT', 'JUMP']
14:41:50.032 ['MOVE_LEFT', 'JUMP']
14:41:50.065 ['MOVE_RIGHT', 'ATTACK']
14:41:50.098 ['JUMP', 'ATTACK']
14:41:50.131 ['MOVE_LEFT', 'JUMP', 'ATTACK']
14:41:50.165 ['MOVE_RIGHT']
14:41:50.197 ['JUMP', 'ATTACK']
14:41:50.240 ['JUMP', 'ATTACK']
14:41:50.261 ['MOVE_LEFT', 'JUMP', 'ATTACK']
14:41:50.304 ['MOVE_RIGHT', 'JUMP', 'ATTACK']
14:41:50.327 ['MOVE_RIGHT', 'JUMP', 'ATTACK']
14:41:50.358 ['MOVE_LEFT', 'JUMP']
14:41:50.392 ['MOVE_RIGHT', 'JUMP']
14:41:50.425 ['MOVE_LEFT', 'JUMP', 'ATTACK']
14:41:50.459 ['MOVE_RIGHT', 'JUMP']
14:41:50.500 ['MOVE_LEFT', 'JUMP', 'ATTACK']
14:41:50.533 ['MOVE_RIGHT', 'ATTACK']
14:41:50.566 ['MOVE_LEFT', 'JUMP', 'ATTACK']
14:41:50.591 ['MOVE_RIGHT']
14:41:50.622 ['MOVE_RIGHT', 'JUMP', 'ATTACK']
14:41:50.657 ['ATTACK']
14:41:50.692 ['MOVE_RIGHT', 'ATTACK']
14:41:50.725 ['MOVE_LEFT', 'JUMP', 'ATTACK']
14:41:50.768 ['ATTACK']
14:41:50.788 ['MOVE_RIGHT']
14:41:50.820 ['MOVE_LEFT', 'JUMP']
14:41:50.855 ['MOVE_RIGHT']
14:41:50.890 ['MOVE_LEFT', 'JUMP', 'ATTACK']
14:41:50.924 ['MOVE_RIGHT', 'JUMP']
14:41:50.959 ['JUMP', 'ATTACK']
14:41:50.994 ['MOVE_LEFT', 'JUMP', 'ATTACK']
14:41:51.027 ['JUMP']
14:41:51.060 []
14:41:51.093 ['MOVE_RIGHT']
14:41:51.127 ['MOVE_RIGHT', 'ATTACK']
14:41:51.159 ['MOVE_RIGHT', 'ATTACK']
14:41:51.192 ['ATTACK']
14:41:51.225 ['MOVE_RIGHT', 'ATTACK']
14:41:51.257 ['MOVE_RIGHT', 'ATTACK']
14:41:51.290 ['MOVE_RIGHT', 'ATTACK']
14:41:51.323 ['MOVE_LEFT', 'ATTACK']
14:41:51.357 ['MOVE_RIGHT', 'ATTACK']
14:41:51.391 ['MOVE_LEFT', 'JUMP', 'ATTACK']
14:41:51.424 []
14:41:51.454 ['MOVE_RIGHT']
14:41:51.497 ['MOVE_RIGHT', 'ATTACK']
14:41:51.520 ['JUMP', 'ATTACK']
14:41:51.552 ['MOVE_LEFT', 'ATTACK']
14:41:51.585 ['MOVE_RIGHT']
14:41:51.618 ['MOVE_RIGHT', 'JUMP', 'ATTACK']
14:41:51.662 ['JUMP']
14:41:51.685 ['MOVE_RIGHT', 'ATTACK']
14:41:51.717 ['MOVE_RIGHT', 'ATTACK']
14:41:51.750 ['MOVE_RIGHT', 'ATTACK']
14:41:51.783 ['MOVE_RIGHT', 'JUMP', 'ATTACK']
14:41:51.815 ['MOVE_RIGHT', 'ATTACK']
14:41:51.849 ['MOVE_RIGHT', 'JUMP', 'ATTACK']
14:41:51.882 ['JUMP', 'ATTACK']
14:41:51.927 ['MOVE_LEFT', 'JUMP']
14:41:51.946 ['MOVE_RIGHT']
14:41:51.978 ['ATTACK']
14:41:52.012 ['MOVE_LEFT', 'JUMP']
14:41:52.044 ['MOVE_RIGHT', 'ATTACK']
14:41:52.077 ['ATTACK']
14:41:52.110 ['ATTACK']
14:41:52.144 ['MOVE_RIGHT', 'ATTACK']
14:41:52.176 ['MOVE_RIGHT', 'ATTACK']
14:41:52.210 ['MOVE_LEFT', 'JUMP', 'ATTACK']
14:41:52.243 []
14:41:52.276 ['MOVE_LEFT']
14:41:52.309 ['MOVE_RIGHT', 'JUMP']
14:41:52.341 ['ATTACK']
14:41:52.376 ['MOVE_RIGHT', 'JUMP', 'ATTACK']
14:41:52.422 ['JUMP', 'ATTACK']
14:41:52.446 ['ATTACK']
14:41:52.478 ['MOVE_LEFT', 'JUMP', 'ATTACK']
14:41:52.511 []
14:41:52.545 ['MOVE_RIGHT']
14:41:52.580 ['MOVE_LEFT', 'ATTACK']
14:41:52.622 ['MOVE_RIGHT']
14:41:52.646 ['MOVE_RIGHT']
14:41:52.676 ['MOVE_LEFT', 'ATTACK']
14:41:52.708 ['MOVE_LEFT']
14:41:52.743 ['MOVE_RIGHT']
14:41:52.782 ['JUMP', 'ATTACK']
14:41:52.814 ['MOVE_RIGHT', 'ATTACK']
14:41:52.847 ['MOVE_RIGHT', 'JUMP', 'ATTACK']
14:41:52.880 ['MOVE_RIGHT']
14:41:52.911 ['MOVE_LEFT', 'ATTACK']
14:41:52.945 []
14:41:52.977 ['MOVE_RIGHT', 'ATTACK']
14:41:53.010 ['MOVE_RIGHT', 'ATTACK']
14:41:53.044 ['MOVE_RIGHT', 'ATTACK']
14:41:53.077 ['MOVE_LEFT', 'JUMP', 'ATTACK']
14:41:53.118 ['MOVE_RIGHT', 'JUMP']
14:41:53.154 ['MOVE_RIGHT', 'ATTACK']
14:41:53.184 ['JUMP', 'ATTACK']
14:41:53.211 ['MOVE_LEFT', 'JUMP', 'ATTACK']
14:41:53.244 ['MOVE_LEFT']
14:41:53.277 ['JUMP']
14:41:53.312 ['MOVE_RIGHT']
14:41:53.342 ['JUMP']
14:41:53.384 ['MOVE_RIGHT', 'ATTACK']
14:41:53.408 ['MOVE_LEFT', 'ATTACK']
14:41:53.442 []
14:41:53.474 ['MOVE_RIGHT']
14:41:53.508 ['MOVE_RIGHT', 'JUMP', 'ATTACK']
14:41:53.545 ['JUMP', 'ATTACK']
14:41:53.578 ['MOVE_RIGHT']
14:41:53.613 ['JUMP', 'ATTACK']
14:41:53.637 ['MOVE_LEFT', 'ATTACK']
14:41:53.670 ['MOVE_LEFT', 'ATTACK']
14:41:53.705 ['MOVE_RIGHT', 'JUMP']
14:41:53.741 ['MOVE_LEFT', 'ATTACK']
14:41:53.774 ['MOVE_RIGHT', 'ATTACK']
14:41:53.807 ['MOVE_LEFT', 'JUMP']
14:41:53.840 ['MOVE_RIGHT']
14:41:53.873 ['MOVE_RIGHT', 'JUMP', 'ATTACK']
14:41:53.905 ['MOVE_LEFT']
14:41:53.938 ['MOVE_RIGHT']
14:41:53.981 ['MOVE_RIGHT', 'JUMP', 'ATTACK']
14:41:54.009 ['MOVE_RIGHT', 'JUMP', 'ATTACK']
14:41:54.035 ['MOVE_RIGHT', 'JUMP', 'ATTACK']
14:41:54.069 ['MOVE_LEFT', 'JUMP', 'ATTACK']
14:41:54.103 ['MOVE_RIGHT']
14:41:54.137 ['MOVE_LEFT', 'JUMP', 'ATTACK']
14:41:54.170 ['MOVE_LEFT']
14:41:54.203 []
14:41:54.236 ['MOVE_RIGHT']
14:41:54.270 ['MOVE_LEFT', 'JUMP', 'ATTACK']
14:41:54.305 ['MOVE_LEFT']
14:41:54.339 []
14:41:54.369 ['MOVE_LEFT', 'JUMP']
14:41:54.402 ['MOVE_LEFT']
14:41:54.434 ['MOVE_RIGHT', 'JUMP', 'ATTACK']
14:41:54.467 ['ATTACK']
14:41:54.500 ['MOVE_LEFT', 'JUMP', 'ATTACK']
14:41:54.535 []
14:41:54.578 ['MOVE_RIGHT']
14:41:54.605 ['MOVE_RIGHT', 'ATTACK']
14:41:54.637 ['MOVE_RIGHT', 'JUMP']
14:41:54.672 ['MOVE_RIGHT', 'JUMP', 'ATTACK']
14:41:54.703 ['MOVE_RIGHT', 'JUMP', 'ATTACK']
14:41:54.736 ['MOVE_RIGHT', 'ATTACK']
14:41:54.771 ['MOVE_LEFT', 'JUMP', 'ATTACK']
14:41:54.805 []
14:41:54.838 ['MOVE_RIGHT']
14:41:54.872 ['MOVE_LEFT', 'ATTACK']
14:41:54.905 ['MOVE_LEFT']
14:41:54.938 ['MOVE_LEFT']
14:41:54.972 ['MOVE_LEFT', 'JUMP']
14:41:55.004 ['MOVE_RIGHT']
14:41:55.037 ['MOVE_LEFT', 'JUMP', 'ATTACK']
14:41:55.068 ['MOVE_RIGHT', 'ATTACK']
14:41:55.098 ['MOVE_LEFT', 'JUMP', 'ATTACK']
14:41:55.132 ['MOVE_RIGHT', 'ATTACK']
14:41:55.169 ['MOVE_RIGHT', 'JUMP', 'ATTACK']
14:41:55.202 ['MOVE_LEFT', 'JUMP']
14:41:55.236 ['MOVE_RIGHT', 'ATTACK']
14:41:55.270 ['MOVE_RIGHT', 'JUMP', 'ATTACK']
14:41:55.303 ['MOVE_RIGHT', 'JUMP', 'ATTACK']
14:41:55.340 ['MOVE_RIGHT']
14:41:55.364 ['MOVE_LEFT']
14:41:55.396 ['MOVE_RIGHT', 'ATTACK']
14:41:55.429 ['JUMP', 'ATTACK']
14:41:55.463 ['MOVE_LEFT', 'ATTACK']
14:41:55.506 ['MOVE_RIGHT']
14:41:55.539 ['MOVE_LEFT', 'ATTACK']
14:41:55.571 ['MOVE_LEFT', 'ATTACK']
14:41:55.598 ['MOVE_RIGHT']
14:41:55.631 ['MOVE_RIGHT', 'ATTACK']
14:41:55.668 ['MOVE_LEFT', 'ATTACK']
14:41:55.700 ['MOVE_RIGHT']
14:41:55.733 ['MOVE_LEFT']
14:41:55.765 ['MOVE_LEFT']
14:41:55.799 ['MOVE_RIGHT']
14:41:55.827 ['MOVE_LEFT', 'JUMP', 'ATTACK']
14:41:55.861 ['MOVE_RIGHT']
14:41:55.900 ['JUMP', 'ATTACK']
14:41:55.933 ['MOVE_LEFT', 'ATTACK']
14:41:55.960 ['MOVE_RIGHT', 'ATTACK']
14:41:55.995 ['MOVE_LEFT', 'JUMP']
14:41:56.028 ['MOVE_LEFT', 'ATTACK']
14:41:56.070 ['MOVE_LEFT']
14:41:56.096 ['MOVE_LEFT']
14:41:56.126 ['MOVE_LEFT', 'ATTACK']
14:41:56.159 ['MOVE_RIGHT']
14:41:56.192 ['MOVE_LEFT']
14:41:56.236 ['MOVE_RIGHT', 'ATTACK']
14:41:56.259 ['MOVE_RIGHT', 'JUMP']
14:41:56.293 ['MOVE_RIGHT', 'JUMP', 'ATTACK']
14:41:56.324 ['MOVE_LEFT', 'JUMP', 'ATTACK']
14:41:56.356 ['MOVE_LEFT', 'JUMP', 'ATTACK']
14:41:56.389 []
14:41:56.422 ['MOVE_LEFT']
14:41:56.453 ['MOVE_RIGHT']
14:41:56.492 ['MOVE_LEFT', 'JUMP']
14:41:56.521 ['MOVE_LEFT']
14:41:56.553 ['MOVE_LEFT']
14:41:56.585 ['MOVE_RIGHT']
14:41:56.618 ['MOVE_LEFT', 'JUMP']
14:41:56.651 ['MOVE_LEFT', 'ATTACK']
14:41:56.684 ['MOVE_RIGHT', 'ATTACK']
14:41:56.718 ['MOVE_RIGHT']
14:41:56.752 ['MOVE_RIGHT', 'JUMP', 'ATTACK']
